Using pre-set license
Built from '2021.1/release' branch; Version is '2021.1.1f1 (6fdc41dfa55a) revision 7330881'; Using compiler version '192528614'; Build Type 'Release'
OS: 'Windows 10 Home; OS build 19041.928; Version 2004; 64bit' Language: 'en' Physical Memory: 32599 MB
BatchMode: 1, IsHumanControllingUs: 0, StartBugReporterOnCrash: 0, Is64bit: 1, IsPro: 0

 COMMAND LINE ARGUMENTS:
C:\Program Files\Unity\Hub\Editor\2021.1.1f1\Editor\Unity.exe
-adb2
-batchMode
-noUpm
-name
AssetImportWorker0
-projectPath
P:/Unity Projects/Diggin N Divin/Ludum-Dare-48-Diggin-N-Divin/Diggin N Divin
-logFile
Logs/AssetImportWorker0.log
-srvPort
51994
Successfully changed project path to: P:/Unity Projects/Diggin N Divin/Ludum-Dare-48-Diggin-N-Divin/Diggin N Divin
P:/Unity Projects/Diggin N Divin/Ludum-Dare-48-Diggin-N-Divin/Diggin N Divin
Using Asset Import Pipeline V2.
Refreshing native plugins compatible for Editor in 107.64 ms, found 2 plugins.
Preloading 0 native plugins for Editor in 0.00 ms.
Initialize engine version: 2021.1.1f1 (6fdc41dfa55a)
[Subsystems] Discovering subsystems at path C:/Program Files/Unity/Hub/Editor/2021.1.1f1/Editor/Data/Resources/UnitySubsystems
[Subsystems] Discovering subsystems at path P:/Unity Projects/Diggin N Divin/Ludum-Dare-48-Diggin-N-Divin/Diggin N Divin/Assets
GfxDevice: creating device client; threaded=0; jobified=0
Direct3D:
    Version:  Direct3D 11.0 [level 11.1]
    Renderer: NVIDIA GeForce GTX 1650 Ti (ID=0x1f95)
    Vendor:   NVIDIA
    VRAM:     3962 MB
    Driver:   27.21.14.6611
Initialize mono
Mono path[0] = 'C:/Program Files/Unity/Hub/Editor/2021.1.1f1/Editor/Data/Managed'
Mono path[1] = 'C:/Program Files/Unity/Hub/Editor/2021.1.1f1/Editor/Data/MonoBleedingEdge/lib/mono/unityjit'
Mono config path = 'C:/Program Files/Unity/Hub/Editor/2021.1.1f1/Editor/Data/MonoBleedingEdge/etc'
Using monoOptions --debugger-agent=transport=dt_socket,embedding=1,server=y,suspend=n,address=127.0.0.1:56520
Begin MonoManager ReloadAssembly
Registering precompiled unity dll's ...
Register platform support module: C:/Program Files/Unity/Hub/Editor/2021.1.1f1/Editor/Data/PlaybackEngines/WebGLSupport/UnityEditor.WebGL.Extensions.dll
Register platform support module: C:/Program Files/Unity/Hub/Editor/2021.1.1f1/Editor/Data/PlaybackEngines/MacStandaloneSupport/UnityEditor.OSXStandalone.Extensions.dll
Register platform support module: C:/Program Files/Unity/Hub/Editor/2021.1.1f1/Editor/Data/PlaybackEngines/WindowsStandaloneSupport/UnityEditor.WindowsStandalone.Extensions.dll
Register platform support module: C:/Program Files/Unity/Hub/Editor/2021.1.1f1/Editor/Data/PlaybackEngines/LinuxStandaloneSupport/UnityEditor.LinuxStandalone.Extensions.dll
Registered in 0.002318 seconds.
Native extension for LinuxStandalone target not found
Native extension for WindowsStandalone target not found
Native extension for OSXStandalone target not found
Native extension for WebGL target not found
Refreshing native plugins compatible for Editor in 136.48 ms, found 2 plugins.
Preloading 0 native plugins for Editor in 0.00 ms.
Mono: successfully reloaded assembly
- Completed reload, in  1.930 seconds
Platform modules already initialized, skipping
Registering precompiled user dll's ...
Registered in 0.003436 seconds.
Begin MonoManager ReloadAssembly
Native extension for LinuxStandalone target not found
Native extension for WindowsStandalone target not found
Native extension for OSXStandalone target not found
Native extension for WebGL target not found
Refreshing native plugins compatible for Editor in 142.19 ms, found 2 plugins.
Preloading 0 native plugins for Editor in 0.00 ms.
Mono: successfully reloaded assembly
- Completed reload, in  1.322 seconds
Platform modules already initialized, skipping
========================================================================
Worker process is ready to serve import requests
Launched and connected shader compiler UnityShaderCompiler.exe after 0.04 seconds
Refreshing native plugins compatible for Editor in 1.22 ms, found 2 plugins.
Preloading 0 native plugins for Editor in 0.00 ms.
Unloading 4360 Unused Serialized files (Serialized files now loaded: 0)
System memory in use before: 232.9 MB.
System memory in use after: 233.0 MB.

Unloading 28 unused Assets to reduce memory usage. Loaded Objects now: 4821.
Total: 4.497500 ms (FindLiveObjects: 0.489400 ms CreateObjectMapping: 0.345700 ms MarkObjects: 3.537000 ms  DeleteObjects: 0.123400 ms)

========================================================================
Received Import Request.
  path: Assets/Enemies/GiantSquid.cs
  artifactKey: Guid(9903ff086474738439769d2ec62c53c1) Importer(815301076,1909f56bfc062723c751e8b465ee728b)
Start importing Assets/Enemies/GiantSquid.cs using Guid(9903ff086474738439769d2ec62c53c1) Importer(815301076,1909f56bfc062723c751e8b465ee728b)  -> (artifact id: '3f97f2053216009e8623dbd143154f0c') in 0.026359 seconds 
========================================================================
Received Prepare
Refreshing native plugins compatible for Editor in 2.24 ms, found 2 plugins.
Preloading 0 native plugins for Editor in 0.00 ms.
Unloading 15 Unused Serialized files (Serialized files now loaded: 0)
System memory in use before: 143.6 MB.
System memory in use after: 143.8 MB.

Unloading 15 unused Assets to reduce memory usage. Loaded Objects now: 4821.
Total: 2.633500 ms (FindLiveObjects: 0.311100 ms CreateObjectMapping: 0.226400 ms MarkObjects: 2.009200 ms  DeleteObjects: 0.085700 ms)

========================================================================
Received Import Request.
  Time since last request: 39.910962 seconds.
  path: Assets/Enemies/GiantSquid.cs
  artifactKey: Guid(9903ff086474738439769d2ec62c53c1) Importer(815301076,1909f56bfc062723c751e8b465ee728b)
Start importing Assets/Enemies/GiantSquid.cs using Guid(9903ff086474738439769d2ec62c53c1) Importer(815301076,1909f56bfc062723c751e8b465ee728b)  -> (artifact id: 'bf11f1841e204d339ef2047e60860ab7') in 0.001724 seconds 
========================================================================
Received Prepare
Registering precompiled user dll's ...
Registered in 0.002207 seconds.
Begin MonoManager ReloadAssembly
Native extension for LinuxStandalone target not found
Native extension for WindowsStandalone target not found
Native extension for OSXStandalone target not found
Native extension for WebGL target not found
Refreshing native plugins compatible for Editor in 0.73 ms, found 2 plugins.
Preloading 0 native plugins for Editor in 0.00 ms.
Mono: successfully reloaded assembly
- Completed reload, in  0.961 seconds
Platform modules already initialized, skipping
Refreshing native plugins compatible for Editor in 0.71 ms, found 2 plugins.
Preloading 0 native plugins for Editor in 0.00 ms.
Unloading 4333 Unused Serialized files (Serialized files now loaded: 0)
System memory in use before: 230.8 MB.
System memory in use after: 231.0 MB.

Unloading 17 unused Assets to reduce memory usage. Loaded Objects now: 4825.
Total: 2.471700 ms (FindLiveObjects: 0.338100 ms CreateObjectMapping: 0.245700 ms MarkObjects: 1.817000 ms  DeleteObjects: 0.070100 ms)

========================================================================
Received Import Request.
  Time since last request: 11.358170 seconds.
  path: Assets/Enemies/SquidController.controller
  artifactKey: Guid(a07fcc50ce75ef74bb6646b24c7a7270) Importer(815301076,1909f56bfc062723c751e8b465ee728b)
Start importing Assets/Enemies/SquidController.controller using Guid(a07fcc50ce75ef74bb6646b24c7a7270) Importer(815301076,1909f56bfc062723c751e8b465ee728b)  -> (artifact id: 'ada4f69322c5589b536fca2185d0c7c9') in 0.019935 seconds 
========================================================================
Received Import Request.
  Time since last request: 13.407465 seconds.
  path: Assets/Enemies/Squid-Idle.anim
  artifactKey: Guid(cc9f98712ca76f2419360a3d9b659b3e) Importer(815301076,1909f56bfc062723c751e8b465ee728b)
Start importing Assets/Enemies/Squid-Idle.anim using Guid(cc9f98712ca76f2419360a3d9b659b3e) Importer(815301076,1909f56bfc062723c751e8b465ee728b)  -> (artifact id: '0a2a91d9ed11ff2de96e05a57f9f62c4') in 0.008320 seconds 
========================================================================
Received Prepare
Registering precompiled user dll's ...
Registered in 0.003846 seconds.
Begin MonoManager ReloadAssembly
Native extension for LinuxStandalone target not found
Native extension for WindowsStandalone target not found
Native extension for OSXStandalone target not found
Native extension for WebGL target not found
Refreshing native plugins compatible for Editor in 1.03 ms, found 2 plugins.
Preloading 0 native plugins for Editor in 0.00 ms.
Mono: successfully reloaded assembly
- Completed reload, in  1.269 seconds
Platform modules already initialized, skipping
Refreshing native plugins compatible for Editor in 0.98 ms, found 2 plugins.
Preloading 0 native plugins for Editor in 0.00 ms.
Unloading 4333 Unused Serialized files (Serialized files now loaded: 0)
System memory in use before: 230.9 MB.
System memory in use after: 231.0 MB.

Unloading 17 unused Assets to reduce memory usage. Loaded Objects now: 4829.
Total: 4.333200 ms (FindLiveObjects: 0.807700 ms CreateObjectMapping: 0.515200 ms MarkObjects: 2.910200 ms  DeleteObjects: 0.098300 ms)

========================================================================
Received Prepare
Registering precompiled user dll's ...
Registered in 0.002871 seconds.
Begin MonoManager ReloadAssembly
Native extension for LinuxStandalone target not found
Native extension for WindowsStandalone target not found
Native extension for OSXStandalone target not found
Native extension for WebGL target not found
Refreshing native plugins compatible for Editor in 1.54 ms, found 2 plugins.
Preloading 0 native plugins for Editor in 0.00 ms.
Mono: successfully reloaded assembly
- Completed reload, in  1.198 seconds
Platform modules already initialized, skipping
Refreshing native plugins compatible for Editor in 1.01 ms, found 2 plugins.
Preloading 0 native plugins for Editor in 0.00 ms.
Unloading 4333 Unused Serialized files (Serialized files now loaded: 0)
System memory in use before: 230.9 MB.
System memory in use after: 231.1 MB.

Unloading 17 unused Assets to reduce memory usage. Loaded Objects now: 4833.
Total: 4.697100 ms (FindLiveObjects: 0.476800 ms CreateObjectMapping: 0.433700 ms MarkObjects: 3.690600 ms  DeleteObjects: 0.094500 ms)

========================================================================
Received Prepare
Registering precompiled user dll's ...
Registered in 0.002491 seconds.
Begin MonoManager ReloadAssembly
Native extension for LinuxStandalone target not found
Native extension for WindowsStandalone target not found
Native extension for OSXStandalone target not found
Native extension for WebGL target not found
Refreshing native plugins compatible for Editor in 0.68 ms, found 2 plugins.
Preloading 0 native plugins for Editor in 0.00 ms.
Mono: successfully reloaded assembly
- Completed reload, in  0.957 seconds
Platform modules already initialized, skipping
Refreshing native plugins compatible for Editor in 0.74 ms, found 2 plugins.
Preloading 0 native plugins for Editor in 0.00 ms.
Unloading 4333 Unused Serialized files (Serialized files now loaded: 0)
System memory in use before: 231.0 MB.
System memory in use after: 231.1 MB.

Unloading 17 unused Assets to reduce memory usage. Loaded Objects now: 4837.
Total: 2.749500 ms (FindLiveObjects: 0.303000 ms CreateObjectMapping: 0.232400 ms MarkObjects: 2.037700 ms  DeleteObjects: 0.175700 ms)

========================================================================
Received Import Request.
  Time since last request: 273.425763 seconds.
  path: Assets/Player/Sprites/DashIconComplete.anim
  artifactKey: Guid(8ca68e2762f212044bd383f4f527558d) Importer(815301076,1909f56bfc062723c751e8b465ee728b)
Start importing Assets/Player/Sprites/DashIconComplete.anim using Guid(8ca68e2762f212044bd383f4f527558d) Importer(815301076,1909f56bfc062723c751e8b465ee728b)  -> (artifact id: '7ff6c22ee68bb87ba6117ec331b8988c') in 0.016977 seconds 
========================================================================
Received Import Request.
  Time since last request: 158.018498 seconds.
  path: Assets/Scenes/Water.unity
  artifactKey: Guid(087dfc0ccb11a5d4794ce68cb98b2301) Importer(815301076,1909f56bfc062723c751e8b465ee728b)
Start importing Assets/Scenes/Water.unity using Guid(087dfc0ccb11a5d4794ce68cb98b2301) Importer(815301076,1909f56bfc062723c751e8b465ee728b)  -> (artifact id: 'f29681f78500c513251e05ca8652738d') in 0.006312 seconds 
========================================================================
Received Prepare
Registering precompiled user dll's ...
Registered in 0.002312 seconds.
Begin MonoManager ReloadAssembly
Native extension for LinuxStandalone target not found
Native extension for WindowsStandalone target not found
Native extension for OSXStandalone target not found
Native extension for WebGL target not found
Refreshing native plugins compatible for Editor in 0.95 ms, found 2 plugins.
Preloading 0 native plugins for Editor in 0.00 ms.
Mono: successfully reloaded assembly
- Completed reload, in  1.000 seconds
Platform modules already initialized, skipping
Refreshing native plugins compatible for Editor in 0.71 ms, found 2 plugins.
Preloading 0 native plugins for Editor in 0.00 ms.
Unloading 4333 Unused Serialized files (Serialized files now loaded: 0)
System memory in use before: 231.0 MB.
System memory in use after: 231.1 MB.

Unloading 17 unused Assets to reduce memory usage. Loaded Objects now: 4841.
Total: 2.784600 ms (FindLiveObjects: 0.334500 ms CreateObjectMapping: 0.309400 ms MarkObjects: 2.062700 ms  DeleteObjects: 0.077100 ms)

========================================================================
Received Prepare
Registering precompiled user dll's ...
Registered in 0.002190 seconds.
Begin MonoManager ReloadAssembly
Native extension for LinuxStandalone target not found
Native extension for WindowsStandalone target not found
Native extension for OSXStandalone target not found
Native extension for WebGL target not found
Refreshing native plugins compatible for Editor in 0.75 ms, found 2 plugins.
Preloading 0 native plugins for Editor in 0.00 ms.
Mono: successfully reloaded assembly
- Completed reload, in  0.915 seconds
Platform modules already initialized, skipping
Refreshing native plugins compatible for Editor in 0.92 ms, found 2 plugins.
Preloading 0 native plugins for Editor in 0.00 ms.
Unloading 4333 Unused Serialized files (Serialized files now loaded: 0)
System memory in use before: 231.0 MB.
System memory in use after: 231.1 MB.

Unloading 17 unused Assets to reduce memory usage. Loaded Objects now: 4845.
Total: 3.360700 ms (FindLiveObjects: 0.540800 ms CreateObjectMapping: 0.385800 ms MarkObjects: 2.353600 ms  DeleteObjects: 0.079500 ms)

========================================================================
Received Prepare
Registering precompiled user dll's ...
Registered in 0.002578 seconds.
Begin MonoManager ReloadAssembly
Native extension for LinuxStandalone target not found
Native extension for WindowsStandalone target not found
Native extension for OSXStandalone target not found
Native extension for WebGL target not found
Refreshing native plugins compatible for Editor in 1.13 ms, found 2 plugins.
Preloading 0 native plugins for Editor in 0.00 ms.
Mono: successfully reloaded assembly
- Completed reload, in  0.927 seconds
Platform modules already initialized, skipping
Refreshing native plugins compatible for Editor in 1.09 ms, found 2 plugins.
Preloading 0 native plugins for Editor in 0.00 ms.
Unloading 4333 Unused Serialized files (Serialized files now loaded: 0)
System memory in use before: 231.0 MB.
System memory in use after: 231.2 MB.

Unloading 17 unused Assets to reduce memory usage. Loaded Objects now: 4849.
Total: 2.650000 ms (FindLiveObjects: 0.344900 ms CreateObjectMapping: 0.228000 ms MarkObjects: 1.965100 ms  DeleteObjects: 0.111300 ms)

========================================================================
Received Prepare
Registering precompiled user dll's ...
Registered in 0.002301 seconds.
Begin MonoManager ReloadAssembly
Native extension for LinuxStandalone target not found
Native extension for WindowsStandalone target not found
Native extension for OSXStandalone target not found
Native extension for WebGL target not found
Refreshing native plugins compatible for Editor in 0.72 ms, found 2 plugins.
Preloading 0 native plugins for Editor in 0.00 ms.
Mono: successfully reloaded assembly
- Completed reload, in  0.931 seconds
Platform modules already initialized, skipping
Refreshing native plugins compatible for Editor in 0.69 ms, found 2 plugins.
Preloading 0 native plugins for Editor in 0.00 ms.
Unloading 4333 Unused Serialized files (Serialized files now loaded: 0)
System memory in use before: 231.0 MB.
System memory in use after: 231.2 MB.

Unloading 17 unused Assets to reduce memory usage. Loaded Objects now: 4853.
Total: 2.673400 ms (FindLiveObjects: 0.323600 ms CreateObjectMapping: 0.233700 ms MarkObjects: 2.035700 ms  DeleteObjects: 0.079400 ms)

========================================================================
Received Prepare
Registering precompiled user dll's ...
Registered in 0.002206 seconds.
Begin MonoManager ReloadAssembly
Native extension for LinuxStandalone target not found
Native extension for WindowsStandalone target not found
Native extension for OSXStandalone target not found
Native extension for WebGL target not found
Refreshing native plugins compatible for Editor in 0.72 ms, found 2 plugins.
Preloading 0 native plugins for Editor in 0.00 ms.
Mono: successfully reloaded assembly
- Completed reload, in  1.065 seconds
Platform modules already initialized, skipping
Refreshing native plugins compatible for Editor in 0.74 ms, found 2 plugins.
Preloading 0 native plugins for Editor in 0.00 ms.
Unloading 4333 Unused Serialized files (Serialized files now loaded: 0)
System memory in use before: 231.0 MB.
System memory in use after: 231.2 MB.

Unloading 17 unused Assets to reduce memory usage. Loaded Objects now: 4857.
Total: 3.617200 ms (FindLiveObjects: 0.546800 ms CreateObjectMapping: 0.884500 ms MarkObjects: 2.103200 ms  DeleteObjects: 0.081700 ms)

========================================================================
Received Prepare
Registering precompiled user dll's ...
Registered in 0.003378 seconds.
Begin MonoManager ReloadAssembly
Native extension for LinuxStandalone target not found
Native extension for WindowsStandalone target not found
Native extension for OSXStandalone target not found
Native extension for WebGL target not found
Refreshing native plugins compatible for Editor in 0.72 ms, found 2 plugins.
Preloading 0 native plugins for Editor in 0.00 ms.
Mono: successfully reloaded assembly
- Completed reload, in  0.968 seconds
Platform modules already initialized, skipping
Refreshing native plugins compatible for Editor in 0.75 ms, found 2 plugins.
Preloading 0 native plugins for Editor in 0.00 ms.
Unloading 4333 Unused Serialized files (Serialized files now loaded: 0)
System memory in use before: 231.0 MB.
System memory in use after: 231.2 MB.

Unloading 17 unused Assets to reduce memory usage. Loaded Objects now: 4861.
Total: 2.651900 ms (FindLiveObjects: 0.384400 ms CreateObjectMapping: 0.292300 ms MarkObjects: 1.892900 ms  DeleteObjects: 0.081200 ms)

========================================================================
Received Prepare
Registering precompiled user dll's ...
Registered in 0.002406 seconds.
Begin MonoManager ReloadAssembly
Native extension for LinuxStandalone target not found
Native extension for WindowsStandalone target not found
Native extension for OSXStandalone target not found
Native extension for WebGL target not found
Refreshing native plugins compatible for Editor in 1.17 ms, found 2 plugins.
Preloading 0 native plugins for Editor in 0.00 ms.
Mono: successfully reloaded assembly
- Completed reload, in  0.979 seconds
Platform modules already initialized, skipping
Refreshing native plugins compatible for Editor in 0.71 ms, found 2 plugins.
Preloading 0 native plugins for Editor in 0.00 ms.
Unloading 4334 Unused Serialized files (Serialized files now loaded: 0)
System memory in use before: 231.1 MB.
System memory in use after: 231.2 MB.

Unloading 17 unused Assets to reduce memory usage. Loaded Objects now: 4866.
Total: 3.360500 ms (FindLiveObjects: 0.551400 ms CreateObjectMapping: 0.387100 ms MarkObjects: 2.326200 ms  DeleteObjects: 0.094100 ms)

========================================================================
Received Prepare
Registering precompiled user dll's ...
Registered in 0.003095 seconds.
Begin MonoManager ReloadAssembly
Native extension for LinuxStandalone target not found
Native extension for WindowsStandalone target not found
Native extension for OSXStandalone target not found
Native extension for WebGL target not found
Refreshing native plugins compatible for Editor in 0.87 ms, found 2 plugins.
Preloading 0 native plugins for Editor in 0.00 ms.
Mono: successfully reloaded assembly
- Completed reload, in  0.952 seconds
Platform modules already initialized, skipping
Refreshing native plugins compatible for Editor in 1.00 ms, found 2 plugins.
Preloading 0 native plugins for Editor in 0.00 ms.
Unloading 4334 Unused Serialized files (Serialized files now loaded: 0)
System memory in use before: 231.1 MB.
System memory in use after: 231.2 MB.

Unloading 17 unused Assets to reduce memory usage. Loaded Objects now: 4870.
Total: 3.484100 ms (FindLiveObjects: 0.833100 ms CreateObjectMapping: 0.312000 ms MarkObjects: 2.254700 ms  DeleteObjects: 0.083000 ms)

========================================================================
Received Prepare
Registering precompiled user dll's ...
Registered in 0.002627 seconds.
Begin MonoManager ReloadAssembly
Native extension for LinuxStandalone target not found
Native extension for WindowsStandalone target not found
Native extension for OSXStandalone target not found
Native extension for WebGL target not found
Refreshing native plugins compatible for Editor in 0.72 ms, found 2 plugins.
Preloading 0 native plugins for Editor in 0.00 ms.
Mono: successfully reloaded assembly
- Completed reload, in  1.074 seconds
Platform modules already initialized, skipping
Refreshing native plugins compatible for Editor in 0.79 ms, found 2 plugins.
Preloading 0 native plugins for Editor in 0.00 ms.
Unloading 4334 Unused Serialized files (Serialized files now loaded: 0)
System memory in use before: 231.1 MB.
System memory in use after: 231.2 MB.

Unloading 17 unused Assets to reduce memory usage. Loaded Objects now: 4874.
Total: 3.273100 ms (FindLiveObjects: 0.508600 ms CreateObjectMapping: 0.555600 ms MarkObjects: 2.131200 ms  DeleteObjects: 0.076500 ms)

========================================================================
Received Import Request.
  Time since last request: 1116.109074 seconds.
  path: Assets/Player/Sprites/DashIcon.controller
  artifactKey: Guid(c33ec7d195383004cb816047819e2c65) Importer(815301076,1909f56bfc062723c751e8b465ee728b)
Start importing Assets/Player/Sprites/DashIcon.controller using Guid(c33ec7d195383004cb816047819e2c65) Importer(815301076,1909f56bfc062723c751e8b465ee728b)  -> (artifact id: '1da2c1b3183fd66d354b3d7cf18a833a') in 0.018915 seconds 
========================================================================
Received Prepare
Registering precompiled user dll's ...
Registered in 0.002465 seconds.
Begin MonoManager ReloadAssembly
Native extension for LinuxStandalone target not found
Native extension for WindowsStandalone target not found
Native extension for OSXStandalone target not found
Native extension for WebGL target not found
Refreshing native plugins compatible for Editor in 0.70 ms, found 2 plugins.
Preloading 0 native plugins for Editor in 0.00 ms.
Mono: successfully reloaded assembly
- Completed reload, in  0.975 seconds
Platform modules already initialized, skipping
Refreshing native plugins compatible for Editor in 0.70 ms, found 2 plugins.
Preloading 0 native plugins for Editor in 0.00 ms.
Unloading 4334 Unused Serialized files (Serialized files now loaded: 0)
System memory in use before: 231.1 MB.
System memory in use after: 231.2 MB.

Unloading 17 unused Assets to reduce memory usage. Loaded Objects now: 4878.
Total: 3.648400 ms (FindLiveObjects: 0.348900 ms CreateObjectMapping: 0.290600 ms MarkObjects: 2.927100 ms  DeleteObjects: 0.081000 ms)

========================================================================
Received Prepare
Registering precompiled user dll's ...
Registered in 0.002295 seconds.
Begin MonoManager ReloadAssembly
Native extension for LinuxStandalone target not found
Native extension for WindowsStandalone target not found
Native extension for OSXStandalone target not found
Native extension for WebGL target not found
Refreshing native plugins compatible for Editor in 0.69 ms, found 2 plugins.
Preloading 0 native plugins for Editor in 0.00 ms.
Mono: successfully reloaded assembly
- Completed reload, in  0.917 seconds
Platform modules already initialized, skipping
Refreshing native plugins compatible for Editor in 0.71 ms, found 2 plugins.
Preloading 0 native plugins for Editor in 0.00 ms.
Unloading 4334 Unused Serialized files (Serialized files now loaded: 0)
System memory in use before: 231.1 MB.
System memory in use after: 231.2 MB.

Unloading 17 unused Assets to reduce memory usage. Loaded Objects now: 4882.
Total: 2.818100 ms (FindLiveObjects: 0.373700 ms CreateObjectMapping: 0.295200 ms MarkObjects: 2.066200 ms  DeleteObjects: 0.082100 ms)

========================================================================
Received Prepare
Registering precompiled user dll's ...
Registered in 0.002201 seconds.
Begin MonoManager ReloadAssembly
Native extension for LinuxStandalone target not found
Native extension for WindowsStandalone target not found
Native extension for OSXStandalone target not found
Native extension for WebGL target not found
Refreshing native plugins compatible for Editor in 0.77 ms, found 2 plugins.
Preloading 0 native plugins for Editor in 0.00 ms.
Mono: successfully reloaded assembly
- Completed reload, in  1.034 seconds
Platform modules already initialized, skipping
Refreshing native plugins compatible for Editor in 0.76 ms, found 2 plugins.
Preloading 0 native plugins for Editor in 0.00 ms.
Unloading 4334 Unused Serialized files (Serialized files now loaded: 0)
System memory in use before: 231.1 MB.
System memory in use after: 231.3 MB.

Unloading 17 unused Assets to reduce memory usage. Loaded Objects now: 4886.
Total: 3.087300 ms (FindLiveObjects: 0.411000 ms CreateObjectMapping: 0.541900 ms MarkObjects: 2.056400 ms  DeleteObjects: 0.076900 ms)

========================================================================
Received Prepare
Registering precompiled user dll's ...
Registered in 0.002357 seconds.
Begin MonoManager ReloadAssembly
Native extension for LinuxStandalone target not found
Native extension for WindowsStandalone target not found
Native extension for OSXStandalone target not found
Native extension for WebGL target not found
Refreshing native plugins compatible for Editor in 0.72 ms, found 2 plugins.
Preloading 0 native plugins for Editor in 0.00 ms.
Mono: successfully reloaded assembly
- Completed reload, in  0.900 seconds
Platform modules already initialized, skipping
Refreshing native plugins compatible for Editor in 0.77 ms, found 2 plugins.
Preloading 0 native plugins for Editor in 0.00 ms.
Unloading 4334 Unused Serialized files (Serialized files now loaded: 0)
System memory in use before: 231.1 MB.
System memory in use after: 231.3 MB.

Unloading 17 unused Assets to reduce memory usage. Loaded Objects now: 4890.
Total: 2.837300 ms (FindLiveObjects: 0.564200 ms CreateObjectMapping: 0.261200 ms MarkObjects: 1.936800 ms  DeleteObjects: 0.073300 ms)

========================================================================
Received Prepare
Registering precompiled user dll's ...
Registered in 0.002873 seconds.
Begin MonoManager ReloadAssembly
Native extension for LinuxStandalone target not found
Native extension for WindowsStandalone target not found
Native extension for OSXStandalone target not found
Native extension for WebGL target not found
Refreshing native plugins compatible for Editor in 0.72 ms, found 2 plugins.
Preloading 0 native plugins for Editor in 0.00 ms.
Mono: successfully reloaded assembly
- Completed reload, in  0.956 seconds
Platform modules already initialized, skipping
Refreshing native plugins compatible for Editor in 0.71 ms, found 2 plugins.
Preloading 0 native plugins for Editor in 0.00 ms.
Unloading 4334 Unused Serialized files (Serialized files now loaded: 0)
System memory in use before: 231.1 MB.
System memory in use after: 231.3 MB.

Unloading 17 unused Assets to reduce memory usage. Loaded Objects now: 4894.
Total: 3.513200 ms (FindLiveObjects: 0.389500 ms CreateObjectMapping: 0.292600 ms MarkObjects: 2.747100 ms  DeleteObjects: 0.083200 ms)

========================================================================
Received Prepare
Registering precompiled user dll's ...
Registered in 0.004262 seconds.
Begin MonoManager ReloadAssembly
Native extension for LinuxStandalone target not found
Native extension for WindowsStandalone target not found
Native extension for OSXStandalone target not found
Native extension for WebGL target not found
Refreshing native plugins compatible for Editor in 1.03 ms, found 2 plugins.
Preloading 0 native plugins for Editor in 0.00 ms.
Mono: successfully reloaded assembly
- Completed reload, in  1.019 seconds
Platform modules already initialized, skipping
Refreshing native plugins compatible for Editor in 0.81 ms, found 2 plugins.
Preloading 0 native plugins for Editor in 0.00 ms.
Unloading 4334 Unused Serialized files (Serialized files now loaded: 0)
System memory in use before: 231.1 MB.
System memory in use after: 231.3 MB.

Unloading 17 unused Assets to reduce memory usage. Loaded Objects now: 4898.
Total: 2.627000 ms (FindLiveObjects: 0.351500 ms CreateObjectMapping: 0.267300 ms MarkObjects: 1.883700 ms  DeleteObjects: 0.123600 ms)

========================================================================
Received Prepare
Registering precompiled user dll's ...
Registered in 0.002758 seconds.
Begin MonoManager ReloadAssembly
Native extension for LinuxStandalone target not found
Native extension for WindowsStandalone target not found
Native extension for OSXStandalone target not found
Native extension for WebGL target not found
Refreshing native plugins compatible for Editor in 1.99 ms, found 2 plugins.
Preloading 0 native plugins for Editor in 0.00 ms.
Mono: successfully reloaded assembly
- Completed reload, in  1.254 seconds
Platform modules already initialized, skipping
Refreshing native plugins compatible for Editor in 1.33 ms, found 2 plugins.
Preloading 0 native plugins for Editor in 0.00 ms.
Unloading 4334 Unused Serialized files (Serialized files now loaded: 0)
System memory in use before: 231.1 MB.
System memory in use after: 231.3 MB.

Unloading 17 unused Assets to reduce memory usage. Loaded Objects now: 4902.
Total: 4.759700 ms (FindLiveObjects: 0.774600 ms CreateObjectMapping: 0.411400 ms MarkObjects: 3.482500 ms  DeleteObjects: 0.089600 ms)

========================================================================
Received Prepare
Registering precompiled user dll's ...
Registered in 0.002439 seconds.
Begin MonoManager ReloadAssembly
Native extension for LinuxStandalone target not found
Native extension for WindowsStandalone target not found
Native extension for OSXStandalone target not found
Native extension for WebGL target not found
Refreshing native plugins compatible for Editor in 0.71 ms, found 2 plugins.
Preloading 0 native plugins for Editor in 0.00 ms.
Mono: successfully reloaded assembly
- Completed reload, in  0.973 seconds
Platform modules already initialized, skipping
Refreshing native plugins compatible for Editor in 0.74 ms, found 2 plugins.
Preloading 0 native plugins for Editor in 0.00 ms.
Unloading 4334 Unused Serialized files (Serialized files now loaded: 0)
System memory in use before: 231.1 MB.
System memory in use after: 231.3 MB.

Unloading 17 unused Assets to reduce memory usage. Loaded Objects now: 4906.
Total: 2.824800 ms (FindLiveObjects: 0.328300 ms CreateObjectMapping: 0.257600 ms MarkObjects: 2.150900 ms  DeleteObjects: 0.087000 ms)

========================================================================
Received Prepare
Registering precompiled user dll's ...
Registered in 0.002322 seconds.
Begin MonoManager ReloadAssembly
Native extension for LinuxStandalone target not found
Native extension for WindowsStandalone target not found
Native extension for OSXStandalone target not found
Native extension for WebGL target not found
Refreshing native plugins compatible for Editor in 0.74 ms, found 2 plugins.
Preloading 0 native plugins for Editor in 0.00 ms.
Mono: successfully reloaded assembly
- Completed reload, in  0.966 seconds
Platform modules already initialized, skipping
Refreshing native plugins compatible for Editor in 0.70 ms, found 2 plugins.
Preloading 0 native plugins for Editor in 0.00 ms.
Unloading 4334 Unused Serialized files (Serialized files now loaded: 0)
System memory in use before: 231.2 MB.
System memory in use after: 231.3 MB.

Unloading 17 unused Assets to reduce memory usage. Loaded Objects now: 4910.
Total: 3.405000 ms (FindLiveObjects: 0.339000 ms CreateObjectMapping: 0.310700 ms MarkObjects: 2.668900 ms  DeleteObjects: 0.085200 ms)

========================================================================
Received Prepare
Registering precompiled user dll's ...
Registered in 0.002237 seconds.
Begin MonoManager ReloadAssembly
Native extension for LinuxStandalone target not found
Native extension for WindowsStandalone target not found
Native extension for OSXStandalone target not found
Native extension for WebGL target not found
Refreshing native plugins compatible for Editor in 0.99 ms, found 2 plugins.
Preloading 0 native plugins for Editor in 0.00 ms.
Mono: successfully reloaded assembly
- Completed reload, in  0.921 seconds
Platform modules already initialized, skipping
Refreshing native plugins compatible for Editor in 0.81 ms, found 2 plugins.
Preloading 0 native plugins for Editor in 0.00 ms.
Unloading 4334 Unused Serialized files (Serialized files now loaded: 0)
System memory in use before: 231.2 MB.
System memory in use after: 231.3 MB.

Unloading 17 unused Assets to reduce memory usage. Loaded Objects now: 4914.
Total: 2.917300 ms (FindLiveObjects: 0.399500 ms CreateObjectMapping: 0.330300 ms MarkObjects: 2.103200 ms  DeleteObjects: 0.083200 ms)

========================================================================
Received Import Request.
  Time since last request: 1018.335552 seconds.
  path: Assets/Scenes/Water.unity
  artifactKey: Guid(087dfc0ccb11a5d4794ce68cb98b2301) Importer(815301076,1909f56bfc062723c751e8b465ee728b)
Start importing Assets/Scenes/Water.unity using Guid(087dfc0ccb11a5d4794ce68cb98b2301) Importer(815301076,1909f56bfc062723c751e8b465ee728b)  -> (artifact id: '91b6f54962a22db16332106e5c60416e') in 0.021676 seconds 
========================================================================
Received Prepare
Registering precompiled user dll's ...
Registered in 0.002738 seconds.
Begin MonoManager ReloadAssembly
Native extension for LinuxStandalone target not found
Native extension for WindowsStandalone target not found
Native extension for OSXStandalone target not found
Native extension for WebGL target not found
Refreshing native plugins compatible for Editor in 1.39 ms, found 2 plugins.
Preloading 0 native plugins for Editor in 0.00 ms.
Mono: successfully reloaded assembly
- Completed reload, in  0.970 seconds
Platform modules already initialized, skipping
Refreshing native plugins compatible for Editor in 0.69 ms, found 2 plugins.
Preloading 0 native plugins for Editor in 0.00 ms.
Unloading 4334 Unused Serialized files (Serialized files now loaded: 0)
System memory in use before: 231.2 MB.
System memory in use after: 231.3 MB.

Unloading 17 unused Assets to reduce memory usage. Loaded Objects now: 4918.
Total: 3.361100 ms (FindLiveObjects: 0.706000 ms CreateObjectMapping: 0.313700 ms MarkObjects: 2.258100 ms  DeleteObjects: 0.082400 ms)

========================================================================
Received Prepare
Registering precompiled user dll's ...
Registered in 0.002745 seconds.
Begin MonoManager ReloadAssembly
Native extension for LinuxStandalone target not found
Native extension for WindowsStandalone target not found
Native extension for OSXStandalone target not found
Native extension for WebGL target not found
Refreshing native plugins compatible for Editor in 1.08 ms, found 2 plugins.
Preloading 0 native plugins for Editor in 0.00 ms.
Mono: successfully reloaded assembly
- Completed reload, in  0.900 seconds
Platform modules already initialized, skipping
Refreshing native plugins compatible for Editor in 0.89 ms, found 2 plugins.
Preloading 0 native plugins for Editor in 0.00 ms.
Unloading 4334 Unused Serialized files (Serialized files now loaded: 0)
System memory in use before: 231.2 MB.
System memory in use after: 231.3 MB.

Unloading 17 unused Assets to reduce memory usage. Loaded Objects now: 4922.
Total: 3.266400 ms (FindLiveObjects: 0.920700 ms CreateObjectMapping: 0.371200 ms MarkObjects: 1.894600 ms  DeleteObjects: 0.078500 ms)

========================================================================
Received Prepare
Registering precompiled user dll's ...
Registered in 0.002792 seconds.
Begin MonoManager ReloadAssembly
Native extension for LinuxStandalone target not found
Native extension for WindowsStandalone target not found
Native extension for OSXStandalone target not found
Native extension for WebGL target not found
Refreshing native plugins compatible for Editor in 0.99 ms, found 2 plugins.
Preloading 0 native plugins for Editor in 0.00 ms.
Mono: successfully reloaded assembly
- Completed reload, in  1.211 seconds
Platform modules already initialized, skipping
Refreshing native plugins compatible for Editor in 0.69 ms, found 2 plugins.
Preloading 0 native plugins for Editor in 0.00 ms.
Unloading 4334 Unused Serialized files (Serialized files now loaded: 0)
System memory in use before: 231.2 MB.
System memory in use after: 231.3 MB.

Unloading 17 unused Assets to reduce memory usage. Loaded Objects now: 4926.
Total: 2.564800 ms (FindLiveObjects: 0.353400 ms CreateObjectMapping: 0.248000 ms MarkObjects: 1.879700 ms  DeleteObjects: 0.082900 ms)

========================================================================
Received Prepare
Registering precompiled user dll's ...
Registered in 0.002232 seconds.
Begin MonoManager ReloadAssembly
Native extension for LinuxStandalone target not found
Native extension for WindowsStandalone target not found
Native extension for OSXStandalone target not found
Native extension for WebGL target not found
Refreshing native plugins compatible for Editor in 0.76 ms, found 2 plugins.
Preloading 0 native plugins for Editor in 0.00 ms.
Mono: successfully reloaded assembly
- Completed reload, in  0.956 seconds
Platform modules already initialized, skipping
Refreshing native plugins compatible for Editor in 1.14 ms, found 2 plugins.
Preloading 0 native plugins for Editor in 0.00 ms.
Unloading 4334 Unused Serialized files (Serialized files now loaded: 0)
System memory in use before: 231.2 MB.
System memory in use after: 231.3 MB.

Unloading 17 unused Assets to reduce memory usage. Loaded Objects now: 4930.
Total: 4.461500 ms (FindLiveObjects: 0.633100 ms CreateObjectMapping: 0.486900 ms MarkObjects: 3.255100 ms  DeleteObjects: 0.084900 ms)

========================================================================
Received Import Request.
  Time since last request: 460.129403 seconds.
  path: Assets/Scenes/Water.unity
  artifactKey: Guid(087dfc0ccb11a5d4794ce68cb98b2301) Importer(815301076,1909f56bfc062723c751e8b465ee728b)
Start importing Assets/Scenes/Water.unity using Guid(087dfc0ccb11a5d4794ce68cb98b2301) Importer(815301076,1909f56bfc062723c751e8b465ee728b)  -> (artifact id: '0fbe22847b7f79994e17c3843e58c685') in 0.014099 seconds 
========================================================================
Received Prepare
Registering precompiled user dll's ...
Registered in 0.002330 seconds.
Begin MonoManager ReloadAssembly
Native extension for LinuxStandalone target not found
Native extension for WindowsStandalone target not found
Native extension for OSXStandalone target not found
Native extension for WebGL target not found
Refreshing native plugins compatible for Editor in 0.76 ms, found 2 plugins.
Preloading 0 native plugins for Editor in 0.00 ms.
Mono: successfully reloaded assembly
- Completed reload, in  0.961 seconds
Platform modules already initialized, skipping
Refreshing native plugins compatible for Editor in 0.78 ms, found 2 plugins.
Preloading 0 native plugins for Editor in 0.00 ms.
Unloading 4334 Unused Serialized files (Serialized files now loaded: 0)
System memory in use before: 231.2 MB.
System memory in use after: 231.4 MB.

Unloading 17 unused Assets to reduce memory usage. Loaded Objects now: 4934.
Total: 2.625900 ms (FindLiveObjects: 0.336600 ms CreateObjectMapping: 0.279100 ms MarkObjects: 1.934000 ms  DeleteObjects: 0.075200 ms)

========================================================================
Received Prepare
Registering precompiled user dll's ...
Registered in 0.002335 seconds.
Begin MonoManager ReloadAssembly
Native extension for LinuxStandalone target not found
Native extension for WindowsStandalone target not found
Native extension for OSXStandalone target not found
Native extension for WebGL target not found
Refreshing native plugins compatible for Editor in 0.79 ms, found 2 plugins.
Preloading 0 native plugins for Editor in 0.00 ms.
Mono: successfully reloaded assembly
- Completed reload, in  0.978 seconds
Platform modules already initialized, skipping
Refreshing native plugins compatible for Editor in 1.24 ms, found 2 plugins.
Preloading 0 native plugins for Editor in 0.00 ms.
Unloading 4334 Unused Serialized files (Serialized files now loaded: 0)
System memory in use before: 231.2 MB.
System memory in use after: 231.4 MB.

Unloading 17 unused Assets to reduce memory usage. Loaded Objects now: 4938.
Total: 3.692600 ms (FindLiveObjects: 0.588400 ms CreateObjectMapping: 0.410200 ms MarkObjects: 2.608000 ms  DeleteObjects: 0.084800 ms)

========================================================================
Received Prepare
Registering precompiled user dll's ...
Registered in 0.002221 seconds.
Begin MonoManager ReloadAssembly
Native extension for LinuxStandalone target not found
Native extension for WindowsStandalone target not found
Native extension for OSXStandalone target not found
Native extension for WebGL target not found
Refreshing native plugins compatible for Editor in 0.94 ms, found 2 plugins.
Preloading 0 native plugins for Editor in 0.00 ms.
Mono: successfully reloaded assembly
- Completed reload, in  0.965 seconds
Platform modules already initialized, skipping
Refreshing native plugins compatible for Editor in 0.69 ms, found 2 plugins.
Preloading 0 native plugins for Editor in 0.00 ms.
Unloading 4334 Unused Serialized files (Serialized files now loaded: 0)
System memory in use before: 231.2 MB.
System memory in use after: 231.4 MB.

Unloading 17 unused Assets to reduce memory usage. Loaded Objects now: 4942.
Total: 2.945300 ms (FindLiveObjects: 0.444400 ms CreateObjectMapping: 0.315500 ms MarkObjects: 2.101200 ms  DeleteObjects: 0.082800 ms)

========================================================================
Received Prepare
Registering precompiled user dll's ...
Registered in 0.002365 seconds.
Begin MonoManager ReloadAssembly
Native extension for LinuxStandalone target not found
Native extension for WindowsStandalone target not found
Native extension for OSXStandalone target not found
Native extension for WebGL target not found
Refreshing native plugins compatible for Editor in 0.72 ms, found 2 plugins.
Preloading 0 native plugins for Editor in 0.00 ms.
Mono: successfully reloaded assembly
- Completed reload, in  1.039 seconds
Platform modules already initialized, skipping
Refreshing native plugins compatible for Editor in 1.03 ms, found 2 plugins.
Preloading 0 native plugins for Editor in 0.00 ms.
Unloading 4334 Unused Serialized files (Serialized files now loaded: 0)
System memory in use before: 231.2 MB.
System memory in use after: 231.4 MB.

Unloading 17 unused Assets to reduce memory usage. Loaded Objects now: 4946.
Total: 4.266500 ms (FindLiveObjects: 0.542500 ms CreateObjectMapping: 0.392400 ms MarkObjects: 3.195800 ms  DeleteObjects: 0.134300 ms)

========================================================================
Received Import Request.
  Time since last request: 5714.838740 seconds.
  path: Assets/Music
  artifactKey: Guid(fa7100d7c209b71428af8cd1afb11024) Importer(815301076,1909f56bfc062723c751e8b465ee728b)
Start importing Assets/Music using Guid(fa7100d7c209b71428af8cd1afb11024) Importer(815301076,1909f56bfc062723c751e8b465ee728b)  -> (artifact id: 'e09780a9652d80a5d25e970f333d86a7') in 0.013524 seconds 
========================================================================
Received Import Request.
  Time since last request: 18.812642 seconds.
  path: Assets/Music/Nadiria.wav
  artifactKey: Guid(6496ba98597696e46a698466e61022e2) Importer(815301076,1909f56bfc062723c751e8b465ee728b)
Start importing Assets/Music/Nadiria.wav using Guid(6496ba98597696e46a698466e61022e2) Importer(815301076,1909f56bfc062723c751e8b465ee728b)  -> (artifact id: '24ef9dc9d1b762ca947cf50175bcdaea') in 0.107161 seconds 
========================================================================
Received Import Request.
  Time since last request: 0.000268 seconds.
  path: Assets/Music/Menu.wav
  artifactKey: Guid(d54b411461b6b63418938f80dc08b188) Importer(815301076,1909f56bfc062723c751e8b465ee728b)
Start importing Assets/Music/Menu.wav using Guid(d54b411461b6b63418938f80dc08b188) Importer(815301076,1909f56bfc062723c751e8b465ee728b)  -> (artifact id: 'dd3fa80eff5124167094bd2163f13db5') in 0.009986 seconds 
========================================================================
Received Prepare
Registering precompiled user dll's ...
Registered in 0.002205 seconds.
Begin MonoManager ReloadAssembly
Native extension for LinuxStandalone target not found
Native extension for WindowsStandalone target not found
Native extension for OSXStandalone target not found
Native extension for WebGL target not found
Refreshing native plugins compatible for Editor in 0.71 ms, found 2 plugins.
Preloading 0 native plugins for Editor in 0.00 ms.
Mono: successfully reloaded assembly
- Completed reload, in  0.906 seconds
Platform modules already initialized, skipping
Refreshing native plugins compatible for Editor in 0.71 ms, found 2 plugins.
Preloading 0 native plugins for Editor in 0.00 ms.
Unloading 4334 Unused Serialized files (Serialized files now loaded: 0)
System memory in use before: 235.4 MB.
System memory in use after: 235.6 MB.

Unloading 17 unused Assets to reduce memory usage. Loaded Objects now: 4959.
Total: 2.719700 ms (FindLiveObjects: 0.326800 ms CreateObjectMapping: 0.238100 ms MarkObjects: 2.074900 ms  DeleteObjects: 0.079000 ms)

========================================================================
Received Import Request.
  Time since last request: 78.646861 seconds.
  path: Assets/Scenes/Water.unity
  artifactKey: Guid(087dfc0ccb11a5d4794ce68cb98b2301) Importer(815301076,1909f56bfc062723c751e8b465ee728b)
Start importing Assets/Scenes/Water.unity using Guid(087dfc0ccb11a5d4794ce68cb98b2301) Importer(815301076,1909f56bfc062723c751e8b465ee728b)  -> (artifact id: 'b49e586873d4a537aed0f70f1bf1ce8b') in 0.023757 seconds 
========================================================================
Received Prepare
Registering precompiled user dll's ...
Registered in 0.003146 seconds.
Begin MonoManager ReloadAssembly
Native extension for LinuxStandalone target not found
Native extension for WindowsStandalone target not found
Native extension for OSXStandalone target not found
Native extension for WebGL target not found
Refreshing native plugins compatible for Editor in 0.70 ms, found 2 plugins.
Preloading 0 native plugins for Editor in 0.00 ms.
Mono: successfully reloaded assembly
- Completed reload, in  0.948 seconds
Platform modules already initialized, skipping
Refreshing native plugins compatible for Editor in 0.75 ms, found 2 plugins.
Preloading 0 native plugins for Editor in 0.00 ms.
Unloading 4334 Unused Serialized files (Serialized files now loaded: 0)
System memory in use before: 235.4 MB.
System memory in use after: 235.6 MB.

Unloading 17 unused Assets to reduce memory usage. Loaded Objects now: 4963.
Total: 3.667100 ms (FindLiveObjects: 0.880600 ms CreateObjectMapping: 0.545100 ms MarkObjects: 2.151700 ms  DeleteObjects: 0.087600 ms)

========================================================================
Received Prepare
Registering precompiled user dll's ...
Registered in 0.002210 seconds.
Begin MonoManager ReloadAssembly
Native extension for LinuxStandalone target not found
Native extension for WindowsStandalone target not found
Native extension for OSXStandalone target not found
Native extension for WebGL target not found
Refreshing native plugins compatible for Editor in 0.72 ms, found 2 plugins.
Preloading 0 native plugins for Editor in 0.00 ms.
Mono: successfully reloaded assembly
- Completed reload, in  0.945 seconds
Platform modules already initialized, skipping
Refreshing native plugins compatible for Editor in 0.77 ms, found 2 plugins.
Preloading 0 native plugins for Editor in 0.00 ms.
Unloading 4334 Unused Serialized files (Serialized files now loaded: 0)
System memory in use before: 235.4 MB.
System memory in use after: 235.6 MB.

Unloading 17 unused Assets to reduce memory usage. Loaded Objects now: 4967.
Total: 3.348300 ms (FindLiveObjects: 0.542000 ms CreateObjectMapping: 0.377400 ms MarkObjects: 2.338600 ms  DeleteObjects: 0.089100 ms)

========================================================================
Received Import Request.
  Time since last request: 1533.333913 seconds.
  path: Assets/Enemies/ElectricEel.prefab
  artifactKey: Guid(ad6348fe26670984fb70fd95e1661b91) Importer(815301076,1909f56bfc062723c751e8b465ee728b)
Start importing Assets/Enemies/ElectricEel.prefab using Guid(ad6348fe26670984fb70fd95e1661b91) Importer(815301076,1909f56bfc062723c751e8b465ee728b)  -> (artifact id: '2d98185c6ab2e3361be6e056545e1088') in 0.060673 seconds 
========================================================================
Received Import Request.
  Time since last request: 5.105697 seconds.
  path: Assets/Enemies/SeaMine.png
  artifactKey: Guid(83c01aa6e28dc554c8fd8314865c131f) Importer(815301076,1909f56bfc062723c751e8b465ee728b)
Start importing Assets/Enemies/SeaMine.png using Guid(83c01aa6e28dc554c8fd8314865c131f) Importer(815301076,1909f56bfc062723c751e8b465ee728b)  -> (artifact id: 'c3f8bd0b5582e64a762fe1bd6c40888f') in 0.042526 seconds 
========================================================================
Received Import Request.
  Time since last request: 8.678306 seconds.
  path: Assets/Enemies/SeaMine.png
  artifactKey: Guid(83c01aa6e28dc554c8fd8314865c131f) Importer(815301076,1909f56bfc062723c751e8b465ee728b)
Start importing Assets/Enemies/SeaMine.png using Guid(83c01aa6e28dc554c8fd8314865c131f) Importer(815301076,1909f56bfc062723c751e8b465ee728b)  -> (artifact id: 'dac915bb5db90aa8a2caceea8e56d6e4') in 0.011316 seconds 
========================================================================
Received Import Request.
  Time since last request: 12.500074 seconds.
  path: Assets/Enemies/SeaMine.png
  artifactKey: Guid(83c01aa6e28dc554c8fd8314865c131f) Importer(815301076,1909f56bfc062723c751e8b465ee728b)
Start importing Assets/Enemies/SeaMine.png using Guid(83c01aa6e28dc554c8fd8314865c131f) Importer(815301076,1909f56bfc062723c751e8b465ee728b)  -> (artifact id: '318a707971756fe69e84f4e65ee27621') in 0.025279 seconds 
========================================================================
Received Import Request.
  Time since last request: 13.013499 seconds.
  path: Assets/Enemies/SeaMineController.controller
  artifactKey: Guid(8b2fdd878b8af054aa439b40025d378b) Importer(815301076,1909f56bfc062723c751e8b465ee728b)
Start importing Assets/Enemies/SeaMineController.controller using Guid(8b2fdd878b8af054aa439b40025d378b) Importer(815301076,1909f56bfc062723c751e8b465ee728b)  -> (artifact id: '541addbe50933913ce311dc362b933b0') in 0.006331 seconds 
========================================================================
Received Import Request.
  Time since last request: 58.791931 seconds.
  path: Assets/Enemies/SeaMine-Idle.anim
  artifactKey: Guid(fc91b63eab33c9141a246427fd750f78) Importer(815301076,1909f56bfc062723c751e8b465ee728b)
Start importing Assets/Enemies/SeaMine-Idle.anim using Guid(fc91b63eab33c9141a246427fd750f78) Importer(815301076,1909f56bfc062723c751e8b465ee728b)  -> (artifact id: 'fed311b491edd710dc686578808c7076') in 0.006643 seconds 
========================================================================
Received Import Request.
  Time since last request: 15.306122 seconds.
  path: Assets/Enemies/SeaMine-Kaboom.anim
  artifactKey: Guid(67875e8017241cc478496c8954b3ec96) Importer(815301076,1909f56bfc062723c751e8b465ee728b)
Start importing Assets/Enemies/SeaMine-Kaboom.anim using Guid(67875e8017241cc478496c8954b3ec96) Importer(815301076,1909f56bfc062723c751e8b465ee728b)  -> (artifact id: 'ca6677491407beaaf9f8564ded14cbfa') in 0.006298 seconds 
========================================================================
Received Import Request.
  Time since last request: 61.184675 seconds.
  path: Assets/Enemies/SeaMine.prefab
  artifactKey: Guid(e6236748e5149c142a9325ab88cfb511) Importer(815301076,1909f56bfc062723c751e8b465ee728b)
Start importing Assets/Enemies/SeaMine.prefab using Guid(e6236748e5149c142a9325ab88cfb511) Importer(815301076,1909f56bfc062723c751e8b465ee728b)  -> (artifact id: '8ccb36518ae973c8024123dcc00a82d8') in 0.013359 seconds 
========================================================================
Received Import Request.
  Time since last request: 40.462596 seconds.
  path: Assets/Enemies/SeaMine.cs
  artifactKey: Guid(e140bd207a5e66c4985791e1eed10997) Importer(815301076,1909f56bfc062723c751e8b465ee728b)
Start importing Assets/Enemies/SeaMine.cs using Guid(e140bd207a5e66c4985791e1eed10997) Importer(815301076,1909f56bfc062723c751e8b465ee728b)  -> (artifact id: '8405e9436f25f25d6a75f1c56741d294') in 0.002127 seconds 
========================================================================
Received Prepare
Registering precompiled user dll's ...
Registered in 0.002188 seconds.
Begin MonoManager ReloadAssembly
Native extension for LinuxStandalone target not found
Native extension for WindowsStandalone target not found
Native extension for OSXStandalone target not found
Native extension for WebGL target not found
Refreshing native plugins compatible for Editor in 0.76 ms, found 2 plugins.
Preloading 0 native plugins for Editor in 0.00 ms.
Mono: successfully reloaded assembly
- Completed reload, in  0.922 seconds
Platform modules already initialized, skipping
Refreshing native plugins compatible for Editor in 0.68 ms, found 2 plugins.
Preloading 0 native plugins for Editor in 0.00 ms.
Unloading 4336 Unused Serialized files (Serialized files now loaded: 0)
System memory in use before: 237.0 MB.
System memory in use after: 237.1 MB.

Unloading 17 unused Assets to reduce memory usage. Loaded Objects now: 5021.
Total: 2.714200 ms (FindLiveObjects: 0.419600 ms CreateObjectMapping: 0.265400 ms MarkObjects: 1.917000 ms  DeleteObjects: 0.111600 ms)

========================================================================
Received Import Request.
  Time since last request: 415.582741 seconds.
  path: Assets/Enemies/Boom.wav
  artifactKey: Guid(e0ff512ad5052cf4bb839636fce2bb66) Importer(815301076,1909f56bfc062723c751e8b465ee728b)
Start importing Assets/Enemies/Boom.wav using Guid(e0ff512ad5052cf4bb839636fce2bb66) Importer(815301076,1909f56bfc062723c751e8b465ee728b)  -> (artifact id: 'b9d3fadd0dcc8960536c0c4e52c5af2b') in 0.043897 seconds 
========================================================================
Received Prepare
Registering precompiled user dll's ...
Registered in 0.002242 seconds.
Begin MonoManager ReloadAssembly
Native extension for LinuxStandalone target not found
Native extension for WindowsStandalone target not found
Native extension for OSXStandalone target not found
Native extension for WebGL target not found
Refreshing native plugins compatible for Editor in 0.69 ms, found 2 plugins.
Preloading 0 native plugins for Editor in 0.00 ms.
Mono: successfully reloaded assembly
- Completed reload, in  0.924 seconds
Platform modules already initialized, skipping
Refreshing native plugins compatible for Editor in 0.69 ms, found 2 plugins.
Preloading 0 native plugins for Editor in 0.00 ms.
Unloading 4335 Unused Serialized files (Serialized files now loaded: 0)
System memory in use before: 236.9 MB.
System memory in use after: 237.1 MB.

Unloading 17 unused Assets to reduce memory usage. Loaded Objects now: 5026.
Total: 3.126900 ms (FindLiveObjects: 0.486500 ms CreateObjectMapping: 0.318300 ms MarkObjects: 2.240800 ms  DeleteObjects: 0.080500 ms)

========================================================================
Received Prepare
Registering precompiled user dll's ...
Registered in 0.002846 seconds.
Begin MonoManager ReloadAssembly
Native extension for LinuxStandalone target not found
Native extension for WindowsStandalone target not found
Native extension for OSXStandalone target not found
Native extension for WebGL target not found
Refreshing native plugins compatible for Editor in 0.74 ms, found 2 plugins.
Preloading 0 native plugins for Editor in 0.00 ms.
Mono: successfully reloaded assembly
- Completed reload, in  1.008 seconds
Platform modules already initialized, skipping
Refreshing native plugins compatible for Editor in 0.69 ms, found 2 plugins.
Preloading 0 native plugins for Editor in 0.00 ms.
Unloading 4335 Unused Serialized files (Serialized files now loaded: 0)
System memory in use before: 236.9 MB.
System memory in use after: 237.1 MB.

Unloading 17 unused Assets to reduce memory usage. Loaded Objects now: 5030.
Total: 2.655600 ms (FindLiveObjects: 0.342200 ms CreateObjectMapping: 0.272100 ms MarkObjects: 1.966900 ms  DeleteObjects: 0.073800 ms)

========================================================================
Received Import Request.
  Time since last request: 207.860561 seconds.
  path: Assets/Enemies/ElectricEel.prefab
  artifactKey: Guid(ad6348fe26670984fb70fd95e1661b91) Importer(815301076,1909f56bfc062723c751e8b465ee728b)
Start importing Assets/Enemies/ElectricEel.prefab using Guid(ad6348fe26670984fb70fd95e1661b91) Importer(815301076,1909f56bfc062723c751e8b465ee728b)  -> (artifact id: '7b0f07928ceadf1cac2f3215e2f5d1f6') in 0.046205 seconds 
========================================================================
Received Prepare
Registering precompiled user dll's ...
Registered in 0.002200 seconds.
Begin MonoManager ReloadAssembly
Native extension for LinuxStandalone target not found
Native extension for WindowsStandalone target not found
Native extension for OSXStandalone target not found
Native extension for WebGL target not found
Refreshing native plugins compatible for Editor in 0.69 ms, found 2 plugins.
Preloading 0 native plugins for Editor in 0.00 ms.
Mono: successfully reloaded assembly
- Completed reload, in  0.923 seconds
Platform modules already initialized, skipping
Refreshing native plugins compatible for Editor in 0.69 ms, found 2 plugins.
Preloading 0 native plugins for Editor in 0.00 ms.
Unloading 4335 Unused Serialized files (Serialized files now loaded: 0)
System memory in use before: 237.0 MB.
System memory in use after: 237.1 MB.

Unloading 17 unused Assets to reduce memory usage. Loaded Objects now: 5035.
Total: 2.738500 ms (FindLiveObjects: 0.339200 ms CreateObjectMapping: 0.279000 ms MarkObjects: 2.035700 ms  DeleteObjects: 0.083400 ms)

========================================================================
Received Import Request.
  Time since last request: 63.884168 seconds.
  path: Assets/Scenes/Menu.unity
  artifactKey: Guid(2cda990e2423bbf4892e6590ba056729) Importer(815301076,1909f56bfc062723c751e8b465ee728b)
Start importing Assets/Scenes/Menu.unity using Guid(2cda990e2423bbf4892e6590ba056729) Importer(815301076,1909f56bfc062723c751e8b465ee728b)  -> (artifact id: '05d5a1050c844f4987a37b3bce28cfaa') in 0.020803 seconds 
========================================================================
Received Prepare
Registering precompiled user dll's ...
Registered in 0.002206 seconds.
Begin MonoManager ReloadAssembly
Native extension for LinuxStandalone target not found
Native extension for WindowsStandalone target not found
Native extension for OSXStandalone target not found
Native extension for WebGL target not found
Refreshing native plugins compatible for Editor in 0.81 ms, found 2 plugins.
Preloading 0 native plugins for Editor in 0.00 ms.
Mono: successfully reloaded assembly
- Completed reload, in  0.936 seconds
Platform modules already initialized, skipping
Refreshing native plugins compatible for Editor in 0.78 ms, found 2 plugins.
Preloading 0 native plugins for Editor in 0.00 ms.
Unloading 4335 Unused Serialized files (Serialized files now loaded: 0)
System memory in use before: 237.0 MB.
System memory in use after: 237.1 MB.

Unloading 17 unused Assets to reduce memory usage. Loaded Objects now: 5039.
Total: 3.443300 ms (FindLiveObjects: 0.572100 ms CreateObjectMapping: 0.353600 ms MarkObjects: 2.430500 ms  DeleteObjects: 0.086200 ms)

========================================================================
Received Import Request.
  Time since last request: 22.657455 seconds.
  path: Assets/Scenes/Water.unity
  artifactKey: Guid(087dfc0ccb11a5d4794ce68cb98b2301) Importer(815301076,1909f56bfc062723c751e8b465ee728b)
Start importing Assets/Scenes/Water.unity using Guid(087dfc0ccb11a5d4794ce68cb98b2301) Importer(815301076,1909f56bfc062723c751e8b465ee728b)  -> (artifact id: '46c68fb91697021f546e388c8954de67') in 0.013726 seconds 
========================================================================
Received Prepare
Registering precompiled user dll's ...
Registered in 0.002352 seconds.
Begin MonoManager ReloadAssembly
Native extension for LinuxStandalone target not found
Native extension for WindowsStandalone target not found
Native extension for OSXStandalone target not found
Native extension for WebGL target not found
Refreshing native plugins compatible for Editor in 0.69 ms, found 2 plugins.
Preloading 0 native plugins for Editor in 0.00 ms.
Mono: successfully reloaded assembly
- Completed reload, in  0.953 seconds
Platform modules already initialized, skipping
Refreshing native plugins compatible for Editor in 0.70 ms, found 2 plugins.
Preloading 0 native plugins for Editor in 0.00 ms.
Unloading 4335 Unused Serialized files (Serialized files now loaded: 0)
System memory in use before: 237.0 MB.
System memory in use after: 237.1 MB.

Unloading 17 unused Assets to reduce memory usage. Loaded Objects now: 5043.
Total: 2.909100 ms (FindLiveObjects: 0.350400 ms CreateObjectMapping: 0.261700 ms MarkObjects: 2.216200 ms  DeleteObjects: 0.080100 ms)

========================================================================
Received Prepare
Registering precompiled user dll's ...
Registered in 0.002233 seconds.
Begin MonoManager ReloadAssembly
Native extension for LinuxStandalone target not found
Native extension for WindowsStandalone target not found
Native extension for OSXStandalone target not found
Native extension for WebGL target not found
Refreshing native plugins compatible for Editor in 0.73 ms, found 2 plugins.
Preloading 0 native plugins for Editor in 0.00 ms.
Mono: successfully reloaded assembly
- Completed reload, in  0.985 seconds
Platform modules already initialized, skipping
Refreshing native plugins compatible for Editor in 0.78 ms, found 2 plugins.
Preloading 0 native plugins for Editor in 0.00 ms.
Unloading 4335 Unused Serialized files (Serialized files now loaded: 0)
System memory in use before: 237.0 MB.
System memory in use after: 237.1 MB.

Unloading 17 unused Assets to reduce memory usage. Loaded Objects now: 5047.
Total: 3.197700 ms (FindLiveObjects: 0.519700 ms CreateObjectMapping: 0.434100 ms MarkObjects: 2.160200 ms  DeleteObjects: 0.082400 ms)

========================================================================
Received Prepare
Registering precompiled user dll's ...
Registered in 0.002283 seconds.
Begin MonoManager ReloadAssembly
Native extension for LinuxStandalone target not found
Native extension for WindowsStandalone target not found
Native extension for OSXStandalone target not found
Native extension for WebGL target not found
Refreshing native plugins compatible for Editor in 0.75 ms, found 2 plugins.
Preloading 0 native plugins for Editor in 0.00 ms.
Mono: successfully reloaded assembly
- Completed reload, in  0.957 seconds
Platform modules already initialized, skipping
Refreshing native plugins compatible for Editor in 0.76 ms, found 2 plugins.
Preloading 0 native plugins for Editor in 0.00 ms.
Unloading 4335 Unused Serialized files (Serialized files now loaded: 0)
System memory in use before: 237.0 MB.
System memory in use after: 237.1 MB.

Unloading 17 unused Assets to reduce memory usage. Loaded Objects now: 5051.
Total: 2.631700 ms (FindLiveObjects: 0.346700 ms CreateObjectMapping: 0.262300 ms MarkObjects: 1.944900 ms  DeleteObjects: 0.076400 ms)

========================================================================
Received Import Request.
  Time since last request: 148.118778 seconds.
  path: Assets/Enemies/ElectricEel.prefab
  artifactKey: Guid(ad6348fe26670984fb70fd95e1661b91) Importer(815301076,1909f56bfc062723c751e8b465ee728b)
Start importing Assets/Enemies/ElectricEel.prefab using Guid(ad6348fe26670984fb70fd95e1661b91) Importer(815301076,1909f56bfc062723c751e8b465ee728b)  -> (artifact id: '50b88f65127bcdb5073907c9a414c670') in 0.045903 seconds 
========================================================================
Received Import Request.
  Time since last request: 35.837237 seconds.
  path: Assets/Enemies/SeaMineController.controller
  artifactKey: Guid(8b2fdd878b8af054aa439b40025d378b) Importer(815301076,1909f56bfc062723c751e8b465ee728b)
Start importing Assets/Enemies/SeaMineController.controller using Guid(8b2fdd878b8af054aa439b40025d378b) Importer(815301076,1909f56bfc062723c751e8b465ee728b)  -> (artifact id: '969ad5f45fc6dc47e9639c103edea109') in 0.002642 seconds 
========================================================================
Received Prepare
Registering precompiled user dll's ...
Registered in 0.002402 seconds.
Begin MonoManager ReloadAssembly
Native extension for LinuxStandalone target not found
Native extension for WindowsStandalone target not found
Native extension for OSXStandalone target not found
Native extension for WebGL target not found
Refreshing native plugins compatible for Editor in 0.69 ms, found 2 plugins.
Preloading 0 native plugins for Editor in 0.00 ms.
Mono: successfully reloaded assembly
- Completed reload, in  0.898 seconds
Platform modules already initialized, skipping
Refreshing native plugins compatible for Editor in 0.75 ms, found 2 plugins.
Preloading 0 native plugins for Editor in 0.00 ms.
Unloading 4335 Unused Serialized files (Serialized files now loaded: 0)
System memory in use before: 237.0 MB.
System memory in use after: 237.2 MB.

Unloading 17 unused Assets to reduce memory usage. Loaded Objects now: 5056.
Total: 2.834200 ms (FindLiveObjects: 0.354300 ms CreateObjectMapping: 0.292100 ms MarkObjects: 2.103800 ms  DeleteObjects: 0.082800 ms)

========================================================================
Received Prepare
Registering precompiled user dll's ...
Registered in 0.002224 seconds.
Begin MonoManager ReloadAssembly
Native extension for LinuxStandalone target not found
Native extension for WindowsStandalone target not found
Native extension for OSXStandalone target not found
Native extension for WebGL target not found
Refreshing native plugins compatible for Editor in 0.83 ms, found 2 plugins.
Preloading 0 native plugins for Editor in 0.00 ms.
Mono: successfully reloaded assembly
- Completed reload, in  1.000 seconds
Platform modules already initialized, skipping
Refreshing native plugins compatible for Editor in 0.72 ms, found 2 plugins.
Preloading 0 native plugins for Editor in 0.00 ms.
Unloading 4335 Unused Serialized files (Serialized files now loaded: 0)
System memory in use before: 237.0 MB.
System memory in use after: 237.2 MB.

Unloading 17 unused Assets to reduce memory usage. Loaded Objects now: 5060.
Total: 3.348500 ms (FindLiveObjects: 0.506900 ms CreateObjectMapping: 0.476700 ms MarkObjects: 2.270800 ms  DeleteObjects: 0.092500 ms)

========================================================================
Received Prepare
Registering precompiled user dll's ...
Registered in 0.002280 seconds.
Begin MonoManager ReloadAssembly
Native extension for LinuxStandalone target not found
Native extension for WindowsStandalone target not found
Native extension for OSXStandalone target not found
Native extension for WebGL target not found
Refreshing native plugins compatible for Editor in 0.74 ms, found 2 plugins.
Preloading 0 native plugins for Editor in 0.00 ms.
Mono: successfully reloaded assembly
- Completed reload, in  0.901 seconds
Platform modules already initialized, skipping
Refreshing native plugins compatible for Editor in 0.72 ms, found 2 plugins.
Preloading 0 native plugins for Editor in 0.00 ms.
Unloading 4335 Unused Serialized files (Serialized files now loaded: 0)
System memory in use before: 237.1 MB.
System memory in use after: 237.2 MB.

Unloading 17 unused Assets to reduce memory usage. Loaded Objects now: 5064.
Total: 3.412000 ms (FindLiveObjects: 0.443700 ms CreateObjectMapping: 0.273100 ms MarkObjects: 2.589900 ms  DeleteObjects: 0.104200 ms)

========================================================================
Received Prepare
Registering precompiled user dll's ...
Registered in 0.002237 seconds.
Begin MonoManager ReloadAssembly
Native extension for LinuxStandalone target not found
Native extension for WindowsStandalone target not found
Native extension for OSXStandalone target not found
Native extension for WebGL target not found
Refreshing native plugins compatible for Editor in 0.75 ms, found 2 plugins.
Preloading 0 native plugins for Editor in 0.00 ms.
Mono: successfully reloaded assembly
- Completed reload, in  0.944 seconds
Platform modules already initialized, skipping
Refreshing native plugins compatible for Editor in 0.71 ms, found 2 plugins.
Preloading 0 native plugins for Editor in 0.00 ms.
Unloading 4335 Unused Serialized files (Serialized files now loaded: 0)
System memory in use before: 237.1 MB.
System memory in use after: 237.2 MB.

Unloading 17 unused Assets to reduce memory usage. Loaded Objects now: 5068.
Total: 3.476400 ms (FindLiveObjects: 0.546800 ms CreateObjectMapping: 0.387200 ms MarkObjects: 2.457800 ms  DeleteObjects: 0.083500 ms)

========================================================================
Received Prepare
Registering precompiled user dll's ...
Registered in 0.002220 seconds.
Begin MonoManager ReloadAssembly
Native extension for LinuxStandalone target not found
Native extension for WindowsStandalone target not found
Native extension for OSXStandalone target not found
Native extension for WebGL target not found
Refreshing native plugins compatible for Editor in 1.16 ms, found 2 plugins.
Preloading 0 native plugins for Editor in 0.00 ms.
Mono: successfully reloaded assembly
- Completed reload, in  0.935 seconds
Platform modules already initialized, skipping
Refreshing native plugins compatible for Editor in 0.74 ms, found 2 plugins.
Preloading 0 native plugins for Editor in 0.00 ms.
Unloading 4335 Unused Serialized files (Serialized files now loaded: 0)
System memory in use before: 237.1 MB.
System memory in use after: 237.2 MB.

Unloading 17 unused Assets to reduce memory usage. Loaded Objects now: 5072.
Total: 2.922400 ms (FindLiveObjects: 0.520600 ms CreateObjectMapping: 0.315600 ms MarkObjects: 1.999200 ms  DeleteObjects: 0.086000 ms)

========================================================================
Received Prepare
Registering precompiled user dll's ...
Registered in 0.002276 seconds.
Begin MonoManager ReloadAssembly
Native extension for LinuxStandalone target not found
Native extension for WindowsStandalone target not found
Native extension for OSXStandalone target not found
Native extension for WebGL target not found
Refreshing native plugins compatible for Editor in 0.72 ms, found 2 plugins.
Preloading 0 native plugins for Editor in 0.00 ms.
Mono: successfully reloaded assembly
- Completed reload, in  0.900 seconds
Platform modules already initialized, skipping
Refreshing native plugins compatible for Editor in 0.68 ms, found 2 plugins.
Preloading 0 native plugins for Editor in 0.00 ms.
Unloading 4335 Unused Serialized files (Serialized files now loaded: 0)
System memory in use before: 237.1 MB.
System memory in use after: 237.2 MB.

Unloading 17 unused Assets to reduce memory usage. Loaded Objects now: 5076.
Total: 3.174100 ms (FindLiveObjects: 0.570000 ms CreateObjectMapping: 0.354500 ms MarkObjects: 2.166600 ms  DeleteObjects: 0.081900 ms)

========================================================================
Received Import Request.
  Time since last request: 363.796846 seconds.
  path: Assets/Scenes/Water.unity
  artifactKey: Guid(087dfc0ccb11a5d4794ce68cb98b2301) Importer(815301076,1909f56bfc062723c751e8b465ee728b)
Start importing Assets/Scenes/Water.unity using Guid(087dfc0ccb11a5d4794ce68cb98b2301) Importer(815301076,1909f56bfc062723c751e8b465ee728b)  -> (artifact id: '00d45d83e158c73d798b1973a05e798a') in 0.014982 seconds 
========================================================================
Received Prepare
Registering precompiled user dll's ...
Registered in 0.002216 seconds.
Begin MonoManager ReloadAssembly
Native extension for LinuxStandalone target not found
Native extension for WindowsStandalone target not found
Native extension for OSXStandalone target not found
Native extension for WebGL target not found
Refreshing native plugins compatible for Editor in 0.70 ms, found 2 plugins.
Preloading 0 native plugins for Editor in 0.00 ms.
Mono: successfully reloaded assembly
- Completed reload, in  0.961 seconds
Platform modules already initialized, skipping
Refreshing native plugins compatible for Editor in 0.74 ms, found 2 plugins.
Preloading 0 native plugins for Editor in 0.00 ms.
Unloading 4335 Unused Serialized files (Serialized files now loaded: 0)
System memory in use before: 237.1 MB.
System memory in use after: 237.2 MB.

Unloading 17 unused Assets to reduce memory usage. Loaded Objects now: 5080.
Total: 3.151600 ms (FindLiveObjects: 0.545000 ms CreateObjectMapping: 0.363200 ms MarkObjects: 2.159000 ms  DeleteObjects: 0.083400 ms)

========================================================================
Received Prepare
Registering precompiled user dll's ...
Registered in 0.002315 seconds.
Begin MonoManager ReloadAssembly
Native extension for LinuxStandalone target not found
Native extension for WindowsStandalone target not found
Native extension for OSXStandalone target not found
Native extension for WebGL target not found
Refreshing native plugins compatible for Editor in 1.17 ms, found 2 plugins.
Preloading 0 native plugins for Editor in 0.00 ms.
Mono: successfully reloaded assembly
- Completed reload, in  0.944 seconds
Platform modules already initialized, skipping
Refreshing native plugins compatible for Editor in 0.71 ms, found 2 plugins.
Preloading 0 native plugins for Editor in 0.00 ms.
Unloading 4335 Unused Serialized files (Serialized files now loaded: 0)
System memory in use before: 237.1 MB.
System memory in use after: 237.2 MB.

Unloading 17 unused Assets to reduce memory usage. Loaded Objects now: 5084.
Total: 2.970800 ms (FindLiveObjects: 0.443700 ms CreateObjectMapping: 0.263600 ms MarkObjects: 2.177000 ms  DeleteObjects: 0.085400 ms)

========================================================================
Received Import Request.
  Time since last request: 2519.955508 seconds.
  path: Assets/Scenes/EndGame.unity
  artifactKey: Guid(abc9b19a84b07b34493990713235552a) Importer(815301076,1909f56bfc062723c751e8b465ee728b)
Start importing Assets/Scenes/EndGame.unity using Guid(abc9b19a84b07b34493990713235552a) Importer(815301076,1909f56bfc062723c751e8b465ee728b)  -> (artifact id: 'c91e70414f50380203808d340e91a9a6') in 0.016914 seconds 
========================================================================
Received Prepare
Registering precompiled user dll's ...
Registered in 0.002219 seconds.
Begin MonoManager ReloadAssembly
Native extension for LinuxStandalone target not found
Native extension for WindowsStandalone target not found
Native extension for OSXStandalone target not found
Native extension for WebGL target not found
Refreshing native plugins compatible for Editor in 0.69 ms, found 2 plugins.
Preloading 0 native plugins for Editor in 0.00 ms.
Mono: successfully reloaded assembly
- Completed reload, in  0.944 seconds
Platform modules already initialized, skipping
Refreshing native plugins compatible for Editor in 0.69 ms, found 2 plugins.
Preloading 0 native plugins for Editor in 0.00 ms.
Unloading 4335 Unused Serialized files (Serialized files now loaded: 0)
System memory in use before: 237.1 MB.
System memory in use after: 237.3 MB.

Unloading 17 unused Assets to reduce memory usage. Loaded Objects now: 5088.
Total: 2.825100 ms (FindLiveObjects: 0.386600 ms CreateObjectMapping: 0.283700 ms MarkObjects: 2.072100 ms  DeleteObjects: 0.081400 ms)

========================================================================
Received Import Request.
  Time since last request: 285.366723 seconds.
  path: Assets/World/EndGame.cs
  artifactKey: Guid(e8cf3fd3cc9b01e40baa339183e14755) Importer(815301076,1909f56bfc062723c751e8b465ee728b)
Start importing Assets/World/EndGame.cs using Guid(e8cf3fd3cc9b01e40baa339183e14755) Importer(815301076,1909f56bfc062723c751e8b465ee728b)  -> (artifact id: '05b366d19a8ac0aafc16d1ee7a994b4f') in 0.011428 seconds 
========================================================================
Received Prepare
Registering precompiled user dll's ...
Registered in 0.002211 seconds.
Begin MonoManager ReloadAssembly
Native extension for LinuxStandalone target not found
Native extension for WindowsStandalone target not found
Native extension for OSXStandalone target not found
Native extension for WebGL target not found
Refreshing native plugins compatible for Editor in 0.72 ms, found 2 plugins.
Preloading 0 native plugins for Editor in 0.00 ms.
Mono: successfully reloaded assembly
- Completed reload, in  0.960 seconds
Platform modules already initialized, skipping
Refreshing native plugins compatible for Editor in 0.73 ms, found 2 plugins.
Preloading 0 native plugins for Editor in 0.00 ms.
Unloading 4336 Unused Serialized files (Serialized files now loaded: 0)
System memory in use before: 237.2 MB.
System memory in use after: 237.3 MB.

Unloading 17 unused Assets to reduce memory usage. Loaded Objects now: 5093.
Total: 3.302100 ms (FindLiveObjects: 0.598500 ms CreateObjectMapping: 0.475300 ms MarkObjects: 2.144400 ms  DeleteObjects: 0.082400 ms)

========================================================================
Received Prepare
Registering precompiled user dll's ...
Registered in 0.002178 seconds.
Begin MonoManager ReloadAssembly
Native extension for LinuxStandalone target not found
Native extension for WindowsStandalone target not found
Native extension for OSXStandalone target not found
Native extension for WebGL target not found
Refreshing native plugins compatible for Editor in 0.73 ms, found 2 plugins.
Preloading 0 native plugins for Editor in 0.00 ms.
Mono: successfully reloaded assembly
- Completed reload, in  0.907 seconds
Platform modules already initialized, skipping
Refreshing native plugins compatible for Editor in 0.71 ms, found 2 plugins.
Preloading 0 native plugins for Editor in 0.00 ms.
Unloading 4336 Unused Serialized files (Serialized files now loaded: 0)
System memory in use before: 237.2 MB.
System memory in use after: 237.3 MB.

Unloading 17 unused Assets to reduce memory usage. Loaded Objects now: 5097.
Total: 3.097300 ms (FindLiveObjects: 0.406600 ms CreateObjectMapping: 0.250200 ms MarkObjects: 2.359300 ms  DeleteObjects: 0.080400 ms)

========================================================================
Received Import Request.
  Time since last request: 78.755533 seconds.
  path: Assets/World/EndGame.cs
  artifactKey: Guid(e8cf3fd3cc9b01e40baa339183e14755) Importer(815301076,1909f56bfc062723c751e8b465ee728b)
Start importing Assets/World/EndGame.cs using Guid(e8cf3fd3cc9b01e40baa339183e14755) Importer(815301076,1909f56bfc062723c751e8b465ee728b)  -> (artifact id: 'e66192dae4a859462f217d02a4492aaa') in 0.005855 seconds 
========================================================================
Received Prepare
Registering precompiled user dll's ...
Registered in 0.002204 seconds.
Begin MonoManager ReloadAssembly
Native extension for LinuxStandalone target not found
Native extension for WindowsStandalone target not found
Native extension for OSXStandalone target not found
Native extension for WebGL target not found
Refreshing native plugins compatible for Editor in 1.17 ms, found 2 plugins.
Preloading 0 native plugins for Editor in 0.00 ms.
Mono: successfully reloaded assembly
- Completed reload, in  0.901 seconds
Platform modules already initialized, skipping
Refreshing native plugins compatible for Editor in 0.71 ms, found 2 plugins.
Preloading 0 native plugins for Editor in 0.00 ms.
Unloading 4336 Unused Serialized files (Serialized files now loaded: 0)
System memory in use before: 237.2 MB.
System memory in use after: 237.3 MB.

Unloading 17 unused Assets to reduce memory usage. Loaded Objects now: 5101.
Total: 2.921400 ms (FindLiveObjects: 0.468700 ms CreateObjectMapping: 0.295500 ms MarkObjects: 2.054200 ms  DeleteObjects: 0.102200 ms)

========================================================================
Received Prepare
Registering precompiled user dll's ...
Registered in 0.002252 seconds.
Begin MonoManager ReloadAssembly
Native extension for LinuxStandalone target not found
Native extension for WindowsStandalone target not found
Native extension for OSXStandalone target not found
Native extension for WebGL target not found
Refreshing native plugins compatible for Editor in 0.69 ms, found 2 plugins.
Preloading 0 native plugins for Editor in 0.00 ms.
Mono: successfully reloaded assembly
- Completed reload, in  0.917 seconds
Platform modules already initialized, skipping
Refreshing native plugins compatible for Editor in 0.71 ms, found 2 plugins.
Preloading 0 native plugins for Editor in 0.00 ms.
Unloading 4336 Unused Serialized files (Serialized files now loaded: 0)
System memory in use before: 237.2 MB.
System memory in use after: 237.3 MB.

Unloading 17 unused Assets to reduce memory usage. Loaded Objects now: 5105.
Total: 2.766500 ms (FindLiveObjects: 0.408400 ms CreateObjectMapping: 0.264300 ms MarkObjects: 2.009400 ms  DeleteObjects: 0.082900 ms)

========================================================================
Received Import Request.
  Time since last request: 666.888818 seconds.
  path: Assets/Player/Prefabs/Diver.prefab
  artifactKey: Guid(b456f8ecba2737b49826982e917e19bf) Importer(815301076,1909f56bfc062723c751e8b465ee728b)
Start importing Assets/Player/Prefabs/Diver.prefab using Guid(b456f8ecba2737b49826982e917e19bf) Importer(815301076,1909f56bfc062723c751e8b465ee728b)  -> (artifact id: 'd1a02b498efcbbdb40a305c3f4b47413') in 0.061912 seconds 
========================================================================
Received Prepare
Registering precompiled user dll's ...
Registered in 0.002325 seconds.
Begin MonoManager ReloadAssembly
Native extension for LinuxStandalone target not found
Native extension for WindowsStandalone target not found
Native extension for OSXStandalone target not found
Native extension for WebGL target not found
Refreshing native plugins compatible for Editor in 0.69 ms, found 2 plugins.
Preloading 0 native plugins for Editor in 0.00 ms.
Mono: successfully reloaded assembly
- Completed reload, in  0.916 seconds
Platform modules already initialized, skipping
Refreshing native plugins compatible for Editor in 0.78 ms, found 2 plugins.
Preloading 0 native plugins for Editor in 0.00 ms.
Unloading 4336 Unused Serialized files (Serialized files now loaded: 0)
System memory in use before: 237.2 MB.
System memory in use after: 237.3 MB.

Unloading 17 unused Assets to reduce memory usage. Loaded Objects now: 5110.
Total: 4.101300 ms (FindLiveObjects: 0.576500 ms CreateObjectMapping: 0.445700 ms MarkObjects: 2.954500 ms  DeleteObjects: 0.122400 ms)

========================================================================
Received Prepare
Registering precompiled user dll's ...
Registered in 0.002285 seconds.
Begin MonoManager ReloadAssembly
Native extension for LinuxStandalone target not found
Native extension for WindowsStandalone target not found
Native extension for OSXStandalone target not found
Native extension for WebGL target not found
Refreshing native plugins compatible for Editor in 0.96 ms, found 2 plugins.
Preloading 0 native plugins for Editor in 0.00 ms.
Mono: successfully reloaded assembly
- Completed reload, in  0.946 seconds
Platform modules already initialized, skipping
Refreshing native plugins compatible for Editor in 0.72 ms, found 2 plugins.
Preloading 0 native plugins for Editor in 0.00 ms.
Unloading 4336 Unused Serialized files (Serialized files now loaded: 0)
System memory in use before: 237.2 MB.
System memory in use after: 237.3 MB.

Unloading 17 unused Assets to reduce memory usage. Loaded Objects now: 5114.
Total: 2.918200 ms (FindLiveObjects: 0.358100 ms CreateObjectMapping: 0.281400 ms MarkObjects: 2.197300 ms  DeleteObjects: 0.080700 ms)

========================================================================
Received Prepare
Refreshing native plugins compatible for Editor in 2.10 ms, found 2 plugins.
Preloading 0 native plugins for Editor in 0.00 ms.
Unloading 15 Unused Serialized files (Serialized files now loaded: 0)
System memory in use before: 150.2 MB.
System memory in use after: 150.4 MB.

Unloading 15 unused Assets to reduce memory usage. Loaded Objects now: 5114.
Total: 3.065100 ms (FindLiveObjects: 0.375400 ms CreateObjectMapping: 0.289700 ms MarkObjects: 2.310800 ms  DeleteObjects: 0.088300 ms)

========================================================================
Received Import Request.
  Time since last request: 291.189525 seconds.
  path: Assets
  artifactKey: Guid(00000000000000001000000000000000) Importer(815301076,1909f56bfc062723c751e8b465ee728b)
Start importing Assets using Guid(00000000000000001000000000000000) Importer(815301076,1909f56bfc062723c751e8b465ee728b)  -> (artifact id: '98ffa0a5e8f73f3457f64fc720c11ab1') in 0.007669 seconds 
========================================================================
Received Import Request.
  Time since last request: 13.648312 seconds.
  path: Assets/Diver-Icon.png
  artifactKey: Guid(5361caacfa764a145a91773f31d41171) Importer(815301076,1909f56bfc062723c751e8b465ee728b)
Start importing Assets/Diver-Icon.png using Guid(5361caacfa764a145a91773f31d41171) Importer(815301076,1909f56bfc062723c751e8b465ee728b)  -> (artifact id: 'c8bfc8c10317c3fe69300d7fc816906b') in 0.046286 seconds 
========================================================================
Received Prepare
Refreshing native plugins compatible for Editor in 2.08 ms, found 2 plugins.
Preloading 0 native plugins for Editor in 0.00 ms.
Unloading 15 Unused Serialized files (Serialized files now loaded: 0)
System memory in use before: 150.3 MB.
System memory in use after: 150.5 MB.

Unloading 15 unused Assets to reduce memory usage. Loaded Objects now: 5117.
Total: 2.984000 ms (FindLiveObjects: 0.361800 ms CreateObjectMapping: 0.238100 ms MarkObjects: 2.251800 ms  DeleteObjects: 0.131300 ms)

